<?xml version="1.0" encoding="UTF-8"?>
<persistence xmlns="http://java.sun.com/xml/ns/persistence"
             xmlns:xsi="http://www.w3.org/2001/XMLSchema-instance"
             xsi:schemaLocation="http://java.sun.com/xml/ns/persistence http://java.sun.com/xml/ns/persistence/persistence_2_0.xsd"
             version="2.0">
	<persistence-unit name="test">	
		
		<!-- DATASOURCE PARA O BANCO EMBUTIDO H2 --> 
		<jta-data-source>java:/jdbc/ppjTest</jta-data-source>
				
		<properties>
			<property name="hibernate.dialect" value="org.hibernate.dialect.Oracle10gDialect" />
			
<!-- 			
			 ESSA PROPRIEDADE DEVE SER UTILIZADA DA SEGUINTE MANEIRA:
			  - UTILIZANDO UM BANCO FISICO (EX. ORACLE XE) DESCOMENTAR A PROPRIEDADE 
			  PARA QUE NA PRIMEIRA EXECUCAO AS TABELAS, SEQUENCES, ETC...SEJAM CRIADOS. NAS
			  EXECUCOES SUBSEQUENTES DOS TESTES, ESTA PROPRIEDADE PODE SER COMENTADA. CASO 
			  HAJA ALGUMA ALTERACAO NAS ENTIDADES, DESCOMENTE PARA QUE AS TABELAS SEJAM
			  RECRIADAS.
			  -UTILIZANDO UM BANCO EMBUTIDO EM MEMORIA (EX. H2) DEIXE A PROPRIEDADE DESCOMENTADA. --> 			  			  
 			 <property name="hibernate.hbm2ddl.auto" value="create"/> 
			 <property name="hibernate.show_sql" value="true"  />			 		
		</properties>
	</persistence-unit>
</persistence>