<?xml version="1.0" encoding="UTF-8"?>
<web-app xmlns:xsi="http://www.w3.org/2001/XMLSchema-instance" xmlns="http://java.sun.com/xml/ns/javaee" xmlns:web="http://java.sun.com/xml/ns/javaee/web-app_2_5.xsd" xsi:schemaLocation="http://java.sun.com/xml/ns/javaee http://java.sun.com/xml/ns/javaee/web-app_3_0.xsd" id="WebApp_ID" version="3.0">
  
  <display-name>Seu Projeto</display-name>
	<context-param>
		<param-name>ambienteApp</param-name>
		<param-value>Ambiente: </param-value>
	</context-param>
	<context-param>
		<param-name>javax.faces.PROJECT_STAGE</param-name>
		<param-value>Development</param-value>
	</context-param>
	<context-param>
		<param-name>javax.faces.STATE_SAVING_METHOD</param-name>
		<param-value>client</param-value>
	</context-param>
	<context-param>  
  		<param-name>javax.faces.DATETIMECONVERTER_DEFAULT_TIMEZONE_IS_SYSTEM_TIMEZONE</param-name>  
  		<param-value>true</param-value>  
	</context-param>
	
	<context-param>
		<param-name>nomeSistema</param-name>
		<param-value>simex</param-value>
	</context-param>
	<context-param>
		<param-name>siglaSistema</param-name>
		<param-value>sigla-simex</param-value>
	</context-param>
	<context-param>
		<param-name>versaoApp</param-name>
		<param-value>1</param-value>
	</context-param>
	<context-param>
		<param-name>versaoPPJ</param-name>
		<param-value>2.2.0</param-value>
	</context-param>
	<context-param>
		<param-name>primefaces.THEME</param-name> 
		<param-value>none</param-value>
	</context-param>
	<!--
	<context-param>
		<param-name>primefaces.PUBLIC_CAPTCHA_KEY</param-name>
		<param-value>YOUR_PUBLIC_KEY</param-value>
	</context-param> -->
	<filter>
		<filter-name>CAS Authentication Filter</filter-name>
		<filter-class>org.jasig.cas.client.authentication.AuthenticationFilter</filter-class>
		<init-param>
			<param-name>casServerLoginUrl</param-name>
			<param-value>https://jhom2.correiosnet.int/CasExterno/login</param-value>
		</init-param>
		<init-param>
			<param-name>serverName</param-name>
			<param-value>http://localhost:8080</param-value>
		</init-param>
		<init-param>
			<param-name>renew</param-name>
			<param-value>false</param-value>
		</init-param>
	</filter>
	<filter>
		<filter-name>CAS Validation Filter</filter-name>
		<filter-class>org.jasig.cas.client.validation.Cas20ProxyReceivingTicketValidationFilter</filter-class>
		<init-param>
			<param-name>casServerUrlPrefix</param-name>
			<param-value>https://jhom2.correiosnet.int/CasExterno</param-value>
		</init-param>
		<init-param>
			<param-name>serverName</param-name>
			<param-value>http://localhost:8080</param-value>
		</init-param>
		<init-param>
			<param-name>redirectAfterValidation</param-name>
			<param-value>true</param-value>
		</init-param>
	</filter>
	<filter>
		<filter-name>CAS HttpServletRequest Wrapper Filter</filter-name>
		<filter-class>org.jasig.cas.client.util.HttpServletRequestWrapperFilter</filter-class>
	</filter>
	<filter>
		<filter-name>CAS Assertion Thread Local Filter</filter-name>
		<filter-class>org.jasig.cas.client.util.AssertionThreadLocalFilter</filter-class>
	</filter>
	
	<filter-mapping>
		<filter-name>CAS Authentication Filter</filter-name>
		<url-pattern>/dependentes/*</url-pattern>
		<url-pattern>/clientes/*</url-pattern>
		<url-pattern>/auditoria/*</url-pattern>
		<url-pattern>/inicio/*</url-pattern>
	</filter-mapping>
	<filter-mapping>
		<filter-name>CAS Validation Filter</filter-name>
		<url-pattern>/dependentes/*</url-pattern>
		<url-pattern>/clientes/*</url-pattern>
		<url-pattern>/auditoria/*</url-pattern>
		<url-pattern>/inicio/*</url-pattern>
	</filter-mapping>
	<filter-mapping>
		<filter-name>CAS HttpServletRequest Wrapper Filter</filter-name>
		<url-pattern>/dependentes/*</url-pattern>
		<url-pattern>/clientes/*</url-pattern>
		<url-pattern>/auditoria/*</url-pattern>
	</filter-mapping>
	<filter-mapping>
		<filter-name>CAS Assertion Thread Local Filter</filter-name>
		<url-pattern>/dependentes/*</url-pattern>
		<url-pattern>/clientes/*</url-pattern>
		<url-pattern>/auditoria/*</url-pattern>
		<url-pattern>/inicio/*</url-pattern>
	</filter-mapping>
	
	
	<servlet>
		<servlet-name>Faces Servlet</servlet-name>
		<servlet-class>javax.faces.webapp.FacesServlet</servlet-class>
		<load-on-startup>1</load-on-startup>
	</servlet>
		
	<servlet-mapping>
		<servlet-name>Faces Servlet</servlet-name>
		<url-pattern>*.jsf</url-pattern>
	</servlet-mapping>
	
		
	<mime-mapping>
		<extension>ico</extension>
		<mime-type>image/x-icon</mime-type>
	</mime-mapping>
	<mime-mapping>
		<extension>png</extension>
		<mime-type>image/png</mime-type>
	</mime-mapping>
	<mime-mapping>
		<extension>xhtml</extension>
		<mime-type>application/xhtml+xml</mime-type>
	</mime-mapping>
	<welcome-file-list>
		<welcome-file>index.jsp</welcome-file>
	</welcome-file-list>
	<error-page>
		<error-code>500</error-code>
		<location>/erro</location>
	</error-page>
	<error-page>
		<error-code>404</error-code>
		<location>/erro</location>
	</error-page>
	
</web-app>